Build started 3/11/2012 12:27:22 AM.
     1>Project "D:\Code\game\engine\engine\engine.vcxproj" on node 2 (build target(s)).
     1>InitializeBuildStatus:
         Creating "Debug\engine.unsuccessfulbuild" because "AlwaysCreate" was specified.
       ClCompile:
         C:\Program Files (x86)\Microsoft Visual Studio 10.0\VC\bin\CL.exe /c /ZI /nologo /W3 /WX- /Od /Oy- /D _CRT_SECURE_NO_WARNINGS /D _MBCS /Gm /EHsc /RTC1 /MDd /GS /fp:precise /Zc:wchar_t /Zc:forScope /Fo"Debug\\" /Fd"Debug\vc100.pdb" /Gd /TP /analyze- /errorReport:prompt ..\eInputManager.cpp ..\eTimer.cpp
         Skipping... (no relevant changes detected)
         eTimer.cpp
         eInputManager.cpp
       Lib:
         C:\Program Files (x86)\Microsoft Visual Studio 10.0\VC\bin\Lib.exe /OUT:"D:\Code\game\Debug\engine.lib" /NOLOGO Debug\eInputManager.obj
         Debug\eRenderManager.obj
         Debug\eTimer.obj
         engine.vcxproj -> D:\Code\game\Debug\engine.lib
       FinalizeBuildStatus:
         Deleting file "Debug\engine.unsuccessfulbuild".
         Touching "Debug\engine.lastbuildstate".
     1>Done Building Project "D:\Code\game\engine\engine\engine.vcxproj" (build target(s)).

Build succeeded.

Time Elapsed 00:00:00.67
